\BOOKMARK [0][-]{chapter.1}{Notas antes de partir}{}
\BOOKMARK [0][-]{chapter.2}{Personal Information Glut}{}
\BOOKMARK [1][-]{section.2.1}{Buscar, Guardar}{chapter.2}
\BOOKMARK [2][-]{subsection.2.1.1}{El paisaje de la fragmentación}{section.2.1}
\BOOKMARK [2][-]{subsection.2.1.2}{Ayudantes}{section.2.1}
\BOOKMARK [2][-]{subsection.2.1.3}{Buscar en la conversación}{section.2.1}
\BOOKMARK [2][-]{subsection.2.1.4}{Preservar}{section.2.1}
\BOOKMARK [0][-]{chapter.3}{Folders \046 Tagging redundancy}{}
\BOOKMARK [1][-]{section.3.1}{Organizar la conversación}{chapter.3}
\BOOKMARK [1][-]{section.3.2}{Entre la voz y la conversación: el relato}{chapter.3}
\BOOKMARK [0][-]{chapter.4}{RSSocial fatigue}{}
\BOOKMARK [1][-]{section.4.1}{El lector de RSS}{chapter.4}
\BOOKMARK [1][-]{section.4.2}{Feed Fatigue? You need a filter system!}{chapter.4}
\BOOKMARK [1][-]{section.4.3}{La conversación como filtro}{chapter.4}
\BOOKMARK [0][-]{chapter.5}{Kill Inbox}{}
\BOOKMARK [1][-]{section.5.1}{Aciertos y limitaciones del e-mail}{chapter.5}
\BOOKMARK [1][-]{section.5.2}{El zen de una bandeja de entrada limpia}{chapter.5}
\BOOKMARK [1][-]{section.5.3}{Dos visiones confrontadas: e-mail-centric vs.stop-using-e-mail}{chapter.5}
\BOOKMARK [2][-]{subsection.5.3.1}{GMail o la visión e-mail-centric llevada al límite.}{section.5.3}
\BOOKMARK [2][-]{subsection.5.3.2}{stop-using-e-mail}{section.5.3}
\BOOKMARK [0][-]{chapter.6}{The wiki old days}{}
\BOOKMARK [1][-]{section.6.1}{Wikis}{chapter.6}
\BOOKMARK [1][-]{section.6.2}{Lenguaje de marcado en la era de los editores visuales}{chapter.6}
\BOOKMARK [1][-]{section.6.3}{wikis corporativos ¿una realidad imposible?}{chapter.6}
\BOOKMARK [1][-]{section.6.4}{Reinventar la wiki ¿es posible?}{chapter.6}
\BOOKMARK [0][-]{chapter.7}{Look Ma! Without tabs.}{}
\BOOKMARK [1][-]{section.7.1}{La web contextual}{chapter.7}
\BOOKMARK [2][-]{subsection.7.1.1}{Microformatos}{section.7.1}
\BOOKMARK [1][-]{section.7.2}{Widgets}{chapter.7}
\BOOKMARK [1][-]{section.7.3}{Complementos del navegador}{chapter.7}
\BOOKMARK [2][-]{subsection.7.3.1}{Ubiquity, el killer-add-on de Firefox.}{section.7.3}
\BOOKMARK [0][-]{chapter.8}{The sexy job}{}
\BOOKMARK [1][-]{section.8.1}{La visualización de información es sexy}{chapter.8}
